13:23:27,862 (main) INFO  [DataNucleus.Enhancer] - DataNucleus Enhancer (version 4.0.1) for API "JDO"
13:23:27,874 (main) ERROR [DataNucleus.Enhancer] - Input file "/home/sunil/WorkspaceTraining/employee/target/employee/WEB-INF/classes/com/sunil/Client/JerseyClientGet.class" doesnt exist!
13:23:27,875 (main) ERROR [DataNucleus.Enhancer] - Input file "/home/sunil/WorkspaceTraining/employee/target/employee/WEB-INF/classes/com/sunil/DAO/EmployeeDAO.class" doesnt exist!
13:23:27,875 (main) ERROR [DataNucleus.Enhancer] - Input file "/home/sunil/WorkspaceTraining/employee/target/employee/WEB-INF/classes/com/sunil/Entities/Employee.class" doesnt exist!
13:23:27,875 (main) ERROR [DataNucleus.Enhancer] - Input file "/home/sunil/WorkspaceTraining/employee/target/employee/WEB-INF/classes/com/sunil/rest/HelloWorldService.class" doesnt exist!
13:23:28,182 (main) INFO  [DataNucleus.Enhancer] - Writing class file "/home/sunil/WorkspaceTraining/employee/target/classes/com/sunil/Entities/Employee.class" with enhanced definition
13:23:28,182 (main) INFO  [DataNucleus.Enhancer] - DataNucleus Enhancer completed with success for 1 classes.
13:23:28,854 (main) INFO  [DataNucleus.Enhancer] - DataNucleus Enhancer (version 4.0.1) for API "JDO"
13:23:28,867 (main) ERROR [DataNucleus.Enhancer] - Input file "/home/sunil/WorkspaceTraining/employee/target/employee/WEB-INF/classes/com/sunil/Client/JerseyClientGet.class" doesnt exist!
13:23:28,867 (main) ERROR [DataNucleus.Enhancer] - Input file "/home/sunil/WorkspaceTraining/employee/target/employee/WEB-INF/classes/com/sunil/DAO/EmployeeDAO.class" doesnt exist!
13:23:28,867 (main) ERROR [DataNucleus.Enhancer] - Input file "/home/sunil/WorkspaceTraining/employee/target/employee/WEB-INF/classes/com/sunil/Entities/Employee.class" doesnt exist!
13:23:28,867 (main) ERROR [DataNucleus.Enhancer] - Input file "/home/sunil/WorkspaceTraining/employee/target/employee/WEB-INF/classes/com/sunil/rest/HelloWorldService.class" doesnt exist!
13:23:29,096 (main) INFO  [DataNucleus.Enhancer] - Class "com.sunil.Entities.Employee" is already enhanced.
13:23:29,096 (main) INFO  [DataNucleus.Enhancer] - DataNucleus Enhancer completed with success for 1 classes.
13:23:51,272 (main) INFO  [DataNucleus.Enhancer] - DataNucleus Enhancer (version 4.0.1) for API "JDO"
13:23:51,285 (main) ERROR [DataNucleus.Enhancer] - Input file "/home/sunil/WorkspaceTraining/employee/target/employee/WEB-INF/classes/com/sunil/Client/JerseyClientGet.class" doesnt exist!
13:23:51,285 (main) ERROR [DataNucleus.Enhancer] - Input file "/home/sunil/WorkspaceTraining/employee/target/employee/WEB-INF/classes/com/sunil/DAO/EmployeeDAO.class" doesnt exist!
13:23:51,285 (main) ERROR [DataNucleus.Enhancer] - Input file "/home/sunil/WorkspaceTraining/employee/target/employee/WEB-INF/classes/com/sunil/Entities/Employee.class" doesnt exist!
13:23:51,285 (main) ERROR [DataNucleus.Enhancer] - Input file "/home/sunil/WorkspaceTraining/employee/target/employee/WEB-INF/classes/com/sunil/rest/HelloWorldService.class" doesnt exist!
13:23:51,556 (main) INFO  [DataNucleus.Enhancer] - Class "com.sunil.Entities.Employee" is already enhanced.
13:23:51,557 (main) INFO  [DataNucleus.Enhancer] - DataNucleus Enhancer completed with success for 1 classes.
13:24:26,563 (main) INFO  [DataNucleus.Enhancer] - DataNucleus Enhancer (version 4.0.1) for API "JDO"
13:24:26,829 (main) INFO  [DataNucleus.Enhancer] - Class "com.sunil.Entities.Employee" is already enhanced.
13:24:26,830 (main) INFO  [DataNucleus.Enhancer] - DataNucleus Enhancer completed with success for 1 classes.
13:24:28,437 (main) INFO  [DataNucleus.Enhancer] - DataNucleus Enhancer (version 4.0.1) for API "JDO"
13:24:28,718 (main) INFO  [DataNucleus.Enhancer] - Class "com.sunil.Entities.Employee" is already enhanced.
13:24:28,718 (main) INFO  [DataNucleus.Enhancer] - DataNucleus Enhancer completed with success for 1 classes.
13:26:04,317 (main) INFO  [DataNucleus.Enhancer] - DataNucleus Enhancer (version 4.0.1) for API "JDO"
13:26:04,654 (main) INFO  [DataNucleus.Enhancer] - Class "com.sunil.Entities.Employee" is already enhanced.
13:26:04,655 (main) INFO  [DataNucleus.Enhancer] - DataNucleus Enhancer completed with success for 1 classes.
13:28:44,777 (main) INFO  [DataNucleus.Enhancer] - DataNucleus Enhancer (version 4.0.1) for API "JDO"
13:28:45,061 (main) INFO  [DataNucleus.Enhancer] - Class "com.sunil.Entities.Employee" is already enhanced.
13:28:45,062 (main) INFO  [DataNucleus.Enhancer] - DataNucleus Enhancer completed with success for 1 classes.
13:29:45,538 (main) INFO  [DataNucleus.Enhancer] - DataNucleus Enhancer (version 4.0.1) for API "JDO"
13:29:45,810 (main) INFO  [DataNucleus.Enhancer] - Class "com.sunil.Entities.Employee" is already enhanced.
13:29:45,810 (main) INFO  [DataNucleus.Enhancer] - DataNucleus Enhancer completed with success for 1 classes.
13:31:21,945 (main) INFO  [DataNucleus.Enhancer] - DataNucleus Enhancer (version 4.0.1) for API "JDO"
13:31:22,224 (main) INFO  [DataNucleus.Enhancer] - Class "com.sunil.Entities.Employee" is already enhanced.
13:31:22,224 (main) INFO  [DataNucleus.Enhancer] - DataNucleus Enhancer completed with success for 1 classes.
13:31:51,273 (main) INFO  [DataNucleus.Enhancer] - DataNucleus Enhancer (version 4.0.1) for API "JDO"
13:31:51,552 (main) INFO  [DataNucleus.Enhancer] - Class "com.sunil.Entities.Employee" is already enhanced.
13:31:51,552 (main) INFO  [DataNucleus.Enhancer] - DataNucleus Enhancer completed with success for 1 classes.
13:33:00,248 (main) INFO  [DataNucleus.Enhancer] - DataNucleus Enhancer (version 4.0.1) for API "JDO"
13:33:00,494 (main) INFO  [DataNucleus.Enhancer] - Class "com.sunil.Entities.Employee" is already enhanced.
13:33:00,494 (main) INFO  [DataNucleus.Enhancer] - DataNucleus Enhancer completed with success for 1 classes.
13:33:01,349 (main) INFO  [DataNucleus.Enhancer] - DataNucleus Enhancer (version 4.0.1) for API "JDO"
13:33:01,612 (main) INFO  [DataNucleus.Enhancer] - Class "com.sunil.Entities.Employee" is already enhanced.
13:33:01,613 (main) INFO  [DataNucleus.Enhancer] - DataNucleus Enhancer completed with success for 1 classes.
13:33:05,257 (main) INFO  [DataNucleus.Enhancer] - DataNucleus Enhancer (version 4.0.1) for API "JDO"
13:33:05,511 (main) INFO  [DataNucleus.Enhancer] - Class "com.sunil.Entities.Employee" is already enhanced.
13:33:05,511 (main) INFO  [DataNucleus.Enhancer] - DataNucleus Enhancer completed with success for 1 classes.
13:33:06,248 (main) INFO  [DataNucleus.Enhancer] - DataNucleus Enhancer (version 4.0.1) for API "JDO"
13:33:06,488 (main) INFO  [DataNucleus.Enhancer] - Class "com.sunil.Entities.Employee" is already enhanced.
13:33:06,488 (main) INFO  [DataNucleus.Enhancer] - DataNucleus Enhancer completed with success for 1 classes.
13:33:19,574 (main) INFO  [DataNucleus.Enhancer] - DataNucleus Enhancer (version 4.0.1) for API "JDO"
13:33:19,815 (main) INFO  [DataNucleus.Enhancer] - DataNucleus Enhancer (version 4.0.1) for API "JDO"
13:33:19,926 (main) INFO  [DataNucleus.Enhancer] - Class "com.sunil.Entities.Employee" is already enhanced.
13:33:19,927 (main) INFO  [DataNucleus.Enhancer] - DataNucleus Enhancer completed with success for 1 classes.
13:33:20,149 (main) INFO  [DataNucleus.Enhancer] - Class "com.sunil.Entities.Employee" is already enhanced.
13:33:20,150 (main) INFO  [DataNucleus.Enhancer] - DataNucleus Enhancer completed with success for 1 classes.
13:33:30,622 (main) INFO  [DataNucleus.Enhancer] - DataNucleus Enhancer (version 4.0.1) for API "JDO"
13:33:30,905 (main) INFO  [DataNucleus.Enhancer] - Class "com.sunil.Entities.Employee" is already enhanced.
13:33:30,905 (main) INFO  [DataNucleus.Enhancer] - DataNucleus Enhancer completed with success for 1 classes.
13:34:39,790 (main) INFO  [DataNucleus.Enhancer] - DataNucleus Enhancer (version 4.0.1) for API "JDO"
13:34:40,073 (main) INFO  [DataNucleus.Enhancer] - Class "com.sunil.Entities.Employee" is already enhanced.
13:34:40,074 (main) INFO  [DataNucleus.Enhancer] - DataNucleus Enhancer completed with success for 1 classes.
13:38:58,246 (main) INFO  [DataNucleus.Enhancer] - DataNucleus Enhancer (version 4.0.1) for API "JDO"
13:38:58,601 (main) INFO  [DataNucleus.Enhancer] - Class "com.sunil.Entities.Employee" is already enhanced.
13:38:58,601 (main) INFO  [DataNucleus.Enhancer] - DataNucleus Enhancer completed with success for 1 classes.
13:38:59,432 (main) INFO  [DataNucleus.Enhancer] - DataNucleus Enhancer (version 4.0.1) for API "JDO"
13:38:59,708 (main) INFO  [DataNucleus.Enhancer] - Class "com.sunil.Entities.Employee" is already enhanced.
13:38:59,708 (main) INFO  [DataNucleus.Enhancer] - DataNucleus Enhancer completed with success for 1 classes.
13:40:49,840 (main) INFO  [DataNucleus.Enhancer] - DataNucleus Enhancer (version 4.0.1) for API "JDO"
13:40:50,268 (main) INFO  [DataNucleus.Enhancer] - Class "com.sunil.Entities.Employee" is already enhanced.
13:40:50,269 (main) INFO  [DataNucleus.Enhancer] - DataNucleus Enhancer completed with success for 1 classes.
13:40:50,819 (main) INFO  [DataNucleus.Enhancer] - DataNucleus Enhancer (version 4.0.1) for API "JDO"
13:40:51,089 (main) INFO  [DataNucleus.Enhancer] - Class "com.sunil.Entities.Employee" is already enhanced.
13:40:51,089 (main) INFO  [DataNucleus.Enhancer] - DataNucleus Enhancer completed with success for 1 classes.
13:56:52,959 (main) INFO  [DataNucleus.Enhancer] - DataNucleus Enhancer (version 4.0.1) for API "JDO"
13:56:53,207 (main) INFO  [DataNucleus.Enhancer] - Class "com.sunil.Entities.Employee" is already enhanced.
13:56:53,207 (main) INFO  [DataNucleus.Enhancer] - DataNucleus Enhancer completed with success for 1 classes.
14:04:18,925 (main) INFO  [DataNucleus.Enhancer] - DataNucleus Enhancer (version 4.0.1) for API "JDO"
14:04:19,214 (main) INFO  [DataNucleus.Enhancer] - Class "com.sunil.Entities.Employee" is already enhanced.
14:04:19,214 (main) INFO  [DataNucleus.Enhancer] - DataNucleus Enhancer completed with success for 1 classes.
14:04:25,683 (main) INFO  [DataNucleus.Enhancer] - DataNucleus Enhancer (version 4.0.1) for API "JDO"
14:04:25,938 (main) INFO  [DataNucleus.Enhancer] - Class "com.sunil.Entities.Employee" is already enhanced.
14:04:25,939 (main) INFO  [DataNucleus.Enhancer] - DataNucleus Enhancer completed with success for 1 classes.
14:04:41,033 (main) INFO  [DataNucleus.Enhancer] - DataNucleus Enhancer (version 4.0.1) for API "JDO"
14:04:41,308 (main) INFO  [DataNucleus.Enhancer] - Class "com.sunil.Entities.Employee" is already enhanced.
14:04:41,308 (main) INFO  [DataNucleus.Enhancer] - DataNucleus Enhancer completed with success for 1 classes.
14:06:25,365 (main) INFO  [DataNucleus.Enhancer] - DataNucleus Enhancer (version 4.0.1) for API "JDO"
14:06:25,644 (main) INFO  [DataNucleus.Enhancer] - Class "com.sunil.Entities.Employee" is already enhanced.
14:06:25,644 (main) INFO  [DataNucleus.Enhancer] - DataNucleus Enhancer completed with success for 1 classes.
14:06:32,055 (main) INFO  [DataNucleus.Enhancer] - DataNucleus Enhancer (version 4.0.1) for API "JDO"
14:06:32,397 (main) INFO  [DataNucleus.Enhancer] - Class "com.sunil.Entities.Employee" is already enhanced.
14:06:32,398 (main) INFO  [DataNucleus.Enhancer] - DataNucleus Enhancer completed with success for 1 classes.
14:06:48,923 (main) INFO  [DataNucleus.Enhancer] - DataNucleus Enhancer (version 4.0.1) for API "JDO"
14:06:49,200 (main) INFO  [DataNucleus.Enhancer] - Class "com.sunil.Entities.Employee" is already enhanced.
14:06:49,200 (main) INFO  [DataNucleus.Enhancer] - DataNucleus Enhancer completed with success for 1 classes.
14:06:54,855 (main) INFO  [DataNucleus.Enhancer] - DataNucleus Enhancer (version 4.0.1) for API "JDO"
14:06:55,135 (main) INFO  [DataNucleus.Enhancer] - Class "com.sunil.Entities.Employee" is already enhanced.
14:06:55,135 (main) INFO  [DataNucleus.Enhancer] - DataNucleus Enhancer completed with success for 1 classes.
14:07:59,846 (main) INFO  [DataNucleus.Enhancer] - DataNucleus Enhancer (version 4.0.1) for API "JDO"
14:08:00,463 (main) INFO  [DataNucleus.Enhancer] - Class "com.sunil.Entities.Employee" is already enhanced.
14:08:00,464 (main) INFO  [DataNucleus.Enhancer] - DataNucleus Enhancer completed with success for 1 classes.
14:08:01,131 (main) INFO  [DataNucleus.Enhancer] - DataNucleus Enhancer (version 4.0.1) for API "JDO"
14:08:01,450 (main) INFO  [DataNucleus.Enhancer] - Class "com.sunil.Entities.Employee" is already enhanced.
14:08:01,450 (main) INFO  [DataNucleus.Enhancer] - DataNucleus Enhancer completed with success for 1 classes.
14:18:05,331 (main) INFO  [DataNucleus.Enhancer] - DataNucleus Enhancer (version 4.0.1) for API "JDO"
14:18:05,577 (main) INFO  [DataNucleus.Enhancer] - Class "com.sunil.Entities.Employee" is already enhanced.
14:18:05,577 (main) INFO  [DataNucleus.Enhancer] - DataNucleus Enhancer completed with success for 1 classes.
14:18:06,413 (main) INFO  [DataNucleus.Enhancer] - DataNucleus Enhancer (version 4.0.1) for API "JDO"
14:18:06,685 (main) INFO  [DataNucleus.Enhancer] - Class "com.sunil.Entities.Employee" is already enhanced.
14:18:06,685 (main) INFO  [DataNucleus.Enhancer] - DataNucleus Enhancer completed with success for 1 classes.
14:18:20,693 (main) INFO  [DataNucleus.Enhancer] - DataNucleus Enhancer (version 4.0.1) for API "JDO"
14:18:20,971 (main) INFO  [DataNucleus.Enhancer] - Class "com.sunil.Entities.Employee" is already enhanced.
14:18:20,971 (main) INFO  [DataNucleus.Enhancer] - DataNucleus Enhancer completed with success for 1 classes.
14:19:42,299 (main) INFO  [DataNucleus.Enhancer] - DataNucleus Enhancer (version 4.0.1) for API "JDO"
14:19:42,574 (main) INFO  [DataNucleus.Enhancer] - Class "com.sunil.Entities.Employee" is already enhanced.
14:19:42,574 (main) INFO  [DataNucleus.Enhancer] - DataNucleus Enhancer completed with success for 1 classes.
14:19:47,403 (main) INFO  [DataNucleus.Enhancer] - DataNucleus Enhancer (version 4.0.1) for API "JDO"
14:19:47,679 (main) INFO  [DataNucleus.Enhancer] - Class "com.sunil.Entities.Employee" is already enhanced.
14:19:47,680 (main) INFO  [DataNucleus.Enhancer] - DataNucleus Enhancer completed with success for 1 classes.
14:19:57,818 (main) INFO  [DataNucleus.Enhancer] - DataNucleus Enhancer (version 4.0.1) for API "JDO"
14:19:58,124 (main) INFO  [DataNucleus.Enhancer] - Class "com.sunil.Entities.Employee" is already enhanced.
14:19:58,125 (main) INFO  [DataNucleus.Enhancer] - DataNucleus Enhancer completed with success for 1 classes.
14:20:29,852 (main) INFO  [DataNucleus.Enhancer] - DataNucleus Enhancer (version 4.0.1) for API "JDO"
14:20:30,139 (main) INFO  [DataNucleus.Enhancer] - Class "com.sunil.Entities.Employee" is already enhanced.
14:20:30,139 (main) INFO  [DataNucleus.Enhancer] - DataNucleus Enhancer completed with success for 1 classes.
14:20:49,811 (main) INFO  [DataNucleus.Enhancer] - DataNucleus Enhancer (version 4.0.1) for API "JDO"
14:20:50,055 (main) INFO  [DataNucleus.Enhancer] - Class "com.sunil.Entities.Employee" is already enhanced.
14:20:50,055 (main) INFO  [DataNucleus.Enhancer] - DataNucleus Enhancer completed with success for 1 classes.
14:20:58,805 (main) INFO  [DataNucleus.Enhancer] - DataNucleus Enhancer (version 4.0.1) for API "JDO"
14:20:59,083 (main) INFO  [DataNucleus.Enhancer] - Class "com.sunil.Entities.Employee" is already enhanced.
14:20:59,084 (main) INFO  [DataNucleus.Enhancer] - DataNucleus Enhancer completed with success for 1 classes.
14:21:35,278 (main) INFO  [DataNucleus.Enhancer] - DataNucleus Enhancer (version 4.0.1) for API "JDO"
14:21:35,507 (main) INFO  [DataNucleus.Enhancer] - Class "com.sunil.Entities.Employee" is already enhanced.
14:21:35,507 (main) INFO  [DataNucleus.Enhancer] - DataNucleus Enhancer completed with success for 1 classes.
14:22:22,309 (main) INFO  [DataNucleus.Enhancer] - DataNucleus Enhancer (version 4.0.1) for API "JDO"
14:22:22,542 (main) INFO  [DataNucleus.Enhancer] - Class "com.sunil.Entities.Employee" is already enhanced.
14:22:22,542 (main) INFO  [DataNucleus.Enhancer] - DataNucleus Enhancer completed with success for 1 classes.
14:27:08,702 (main) INFO  [DataNucleus.Enhancer] - DataNucleus Enhancer (version 4.0.1) for API "JDO"
14:27:08,967 (main) INFO  [DataNucleus.Enhancer] - Class "com.sunil.Entities.Employee" is already enhanced.
14:27:08,967 (main) INFO  [DataNucleus.Enhancer] - DataNucleus Enhancer completed with success for 1 classes.
14:27:11,037 (main) INFO  [DataNucleus.Enhancer] - DataNucleus Enhancer (version 4.0.1) for API "JDO"
14:27:11,409 (main) INFO  [DataNucleus.Enhancer] - Class "com.sunil.Entities.Employee" is already enhanced.
14:27:11,409 (main) INFO  [DataNucleus.Enhancer] - DataNucleus Enhancer completed with success for 1 classes.
14:27:12,292 (main) INFO  [DataNucleus.Enhancer] - DataNucleus Enhancer (version 4.0.1) for API "JDO"
14:27:12,571 (main) INFO  [DataNucleus.Enhancer] - Class "com.sunil.Entities.Employee" is already enhanced.
14:27:12,571 (main) INFO  [DataNucleus.Enhancer] - DataNucleus Enhancer completed with success for 1 classes.
