Aug 01, 2014 3:48:48 PM org.eclipse.birt.report.designer.internal.ui.editors.schematic.editparts.ReportElementEditPart performRequest
SEVERE: Widget is disposed
org.eclipse.swt.SWTException: Widget is disposed
	at org.eclipse.swt.SWT.error(SWT.java:4397)
	at org.eclipse.swt.SWT.error(SWT.java:4312)
	at org.eclipse.swt.SWT.error(SWT.java:4283)
	at org.eclipse.swt.widgets.Widget.error(Widget.java:481)
	at org.eclipse.swt.widgets.Widget.checkWidget(Widget.java:418)
	at org.eclipse.swt.widgets.Text.getSelectionCount(Text.java:1158)
	at org.eclipse.jface.viewers.TextCellEditor.checkSelection(TextCellEditor.java:134)
	at org.eclipse.jface.viewers.TextCellEditor.doSetFocus(TextCellEditor.java:214)
	at org.eclipse.jface.viewers.CellEditor.setFocus(CellEditor.java:835)
	at org.eclipse.gef.tools.DirectEditManager.show(DirectEditManager.java:411)
	at org.eclipse.birt.report.designer.internal.ui.editors.schematic.editparts.LabelEditPart.performDirectEdit(LabelEditPart.java:94)
	at org.eclipse.birt.report.designer.internal.ui.editors.schematic.editparts.ReportElementEditPart.performRequest(ReportElementEditPart.java:154)
	at org.eclipse.birt.report.designer.internal.ui.editors.layout.ReportEditorWithPalette$2.run(ReportEditorWithPalette.java:737)
	at org.eclipse.swt.widgets.RunnableLock.run(RunnableLock.java:35)
	at org.eclipse.swt.widgets.Synchronizer.runAsyncMessages(Synchronizer.java:135)
	at org.eclipse.swt.widgets.Display.runAsyncMessages(Display.java:3717)
	at org.eclipse.swt.widgets.Display.readAndDispatch(Display.java:3366)
	at org.eclipse.e4.ui.internal.workbench.swt.PartRenderingEngine$9.run(PartRenderingEngine.java:1113)
	at org.eclipse.core.databinding.observable.Realm.runWithDefault(Realm.java:332)
	at org.eclipse.e4.ui.internal.workbench.swt.PartRenderingEngine.run(PartRenderingEngine.java:997)
	at org.eclipse.e4.ui.internal.workbench.E4Workbench.createAndRunUI(E4Workbench.java:140)
	at org.eclipse.ui.internal.Workbench$5.run(Workbench.java:611)
	at org.eclipse.core.databinding.observable.Realm.runWithDefault(Realm.java:332)
	at org.eclipse.ui.internal.Workbench.createAndRunWorkbench(Workbench.java:567)
	at org.eclipse.ui.PlatformUI.createAndRunWorkbench(PlatformUI.java:150)
	at org.eclipse.ui.internal.ide.application.IDEApplication.start(IDEApplication.java:124)
	at org.eclipse.equinox.internal.app.EclipseAppHandle.run(EclipseAppHandle.java:196)
	at org.eclipse.core.runtime.internal.adaptor.EclipseAppLauncher.runApplication(EclipseAppLauncher.java:110)
	at org.eclipse.core.runtime.internal.adaptor.EclipseAppLauncher.start(EclipseAppLauncher.java:79)
	at org.eclipse.core.runtime.adaptor.EclipseStarter.run(EclipseStarter.java:354)
	at org.eclipse.core.runtime.adaptor.EclipseStarter.run(EclipseStarter.java:181)
	at sun.reflect.NativeMethodAccessorImpl.invoke0(Native Method)
	at sun.reflect.NativeMethodAccessorImpl.invoke(NativeMethodAccessorImpl.java:57)
	at sun.reflect.DelegatingMethodAccessorImpl.invoke(DelegatingMethodAccessorImpl.java:43)
	at java.lang.reflect.Method.invoke(Method.java:606)
	at org.eclipse.equinox.launcher.Main.invokeFramework(Main.java:636)
	at org.eclipse.equinox.launcher.Main.basicRun(Main.java:591)
	at org.eclipse.equinox.launcher.Main.run(Main.java:1450)

